# JRE version: Java(TM) SE Runtime Environment (8.0_51-b16) (build 1.8.0_51-b16)
# Java VM: Java HotSpot(TM) 64-Bit Server VM (25.51-b03 mixed mode windows-amd64 compressed oops)
Heap:
 PSYoungGen      total 69120K, used 13163K [0x00000000eab00000, 0x00000000f1a80000, 0x0000000100000000)
  eden space 65536K, 19% used [0x00000000eab00000,0x00000000eb7caea8,0x00000000eeb00000)
  from space 3584K, 1% used [0x00000000eeb00000,0x00000000eeb10000,0x00000000eee80000)
  to   space 4608K, 0% used [0x00000000f1600000,0x00000000f1600000,0x00000000f1a80000)
 ParOldGen       total 44032K, used 3452K [0x00000000c0000000, 0x00000000c2b00000, 0x00000000eab00000)
  object space 44032K, 7% used [0x00000000c0000000,0x00000000c035f248,0x00000000c2b00000)
 Metaspace       used 7414K, capacity 7554K, committed 7808K, reserved 1056768K
  class space    used 758K, capacity 789K, committed 896K, reserved 1048576K
GC Heap History (10 events):
Event: 5.253 GC heap before
{Heap before GC invocations=5 (full 0):
 PSYoungGen      total 35328K, used 35225K [0x00000000eab00000, 0x00000000ed000000, 0x0000000100000000)
  eden space 32768K, 100% used [0x00000000eab00000,0x00000000ecb00000,0x00000000ecb00000)
  from space 2560K, 96% used [0x00000000ecd80000,0x00000000ecfe6680,0x00000000ed000000)
  to   space 2560K, 0% used [0x00000000ecb00000,0x00000000ecb00000,0x00000000ecd80000)
 ParOldGen       total 44032K, used 1012K [0x00000000c0000000, 0x00000000c2b00000, 0x00000000eab00000)
  object space 44032K, 2% used [0x00000000c0000000,0x00000000c00fd030,0x00000000c2b00000)
 Metaspace       used 7410K, capacity 7554K, committed 7808K, reserved 1056768K
  class space    used 758K, capacity 789K, committed 896K, reserved 1048576K
Event: 5.258 GC heap after
Heap after GC invocations=5 (full 0):
 PSYoungGen      total 35328K, used 2457K [0x00000000eab00000, 0x00000000ef200000, 0x0000000100000000)
  eden space 32768K, 0% used [0x00000000eab00000,0x00000000eab00000,0x00000000ecb00000)
  from space 2560K, 96% used [0x00000000ecb00000,0x00000000ecd66680,0x00000000ecd80000)
  to   space 3584K, 0% used [0x00000000eee80000,0x00000000eee80000,0x00000000ef200000)
 ParOldGen       total 44032K, used 1012K [0x00000000c0000000, 0x00000000c2b00000, 0x00000000eab00000)
  object space 44032K, 2% used [0x00000000c0000000,0x00000000c00fd030,0x00000000c2b00000)
 Metaspace       used 7410K, capacity 7554K, committed 7808K, reserved 1056768K
  class space    used 758K, capacity 789K, committed 896K, reserved 1048576K
}
Event: 5.401 GC heap before
{Heap before GC invocations=6 (full 0):
 PSYoungGen      total 35328K, used 35225K [0x00000000eab00000, 0x00000000ef200000, 0x0000000100000000)
  eden space 32768K, 100% used [0x00000000eab00000,0x00000000ecb00000,0x00000000ecb00000)
  from space 2560K, 96% used [0x00000000ecb00000,0x00000000ecd66680,0x00000000ecd80000)
  to   space 3584K, 0% used [0x00000000eee80000,0x00000000eee80000,0x00000000ef200000)
 ParOldGen       total 44032K, used 1012K [0x00000000c0000000, 0x00000000c2b00000, 0x00000000eab00000)
  object space 44032K, 2% used [0x00000000c0000000,0x00000000c00fd030,0x00000000c2b00000)
 Metaspace       used 7410K, capacity 7554K, committed 7808K, reserved 1056768K
  class space    used 758K, capacity 789K, committed 896K, reserved 1048576K
Event: 5.404 GC heap after
Heap after GC invocations=6 (full 0):
 PSYoungGen      total 69120K, used 2489K [0x00000000eab00000, 0x00000000ef200000, 0x0000000100000000)
  eden space 65536K, 0% used [0x00000000eab00000,0x00000000eab00000,0x00000000eeb00000)
  from space 3584K, 69% used [0x00000000eee80000,0x00000000ef0ee680,0x00000000ef200000)
  to   space 3584K, 0% used [0x00000000eeb00000,0x00000000eeb00000,0x00000000eee80000)
 ParOldGen       total 44032K, used 1012K [0x00000000c0000000, 0x00000000c2b00000, 0x00000000eab00000)
  object space 44032K, 2% used [0x00000000c0000000,0x00000000c00fd030,0x00000000c2b00000)
 Metaspace       used 7410K, capacity 7554K, committed 7808K, reserved 1056768K
  class space    used 758K, capacity 789K, committed 896K, reserved 1048576K
}
Event: 5.614 GC heap before
{Heap before GC invocations=7 (full 0):
 PSYoungGen      total 69120K, used 68025K [0x00000000eab00000, 0x00000000ef200000, 0x0000000100000000)
  eden space 65536K, 100% used [0x00000000eab00000,0x00000000eeb00000,0x00000000eeb00000)
  from space 3584K, 69% used [0x00000000eee80000,0x00000000ef0ee680,0x00000000ef200000)
  to   space 3584K, 0% used [0x00000000eeb00000,0x00000000eeb00000,0x00000000eee80000)
 ParOldGen       total 44032K, used 1012K [0x00000000c0000000, 0x00000000c2b00000, 0x00000000eab00000)
  object space 44032K, 2% used [0x00000000c0000000,0x00000000c00fd030,0x00000000c2b00000)
 Metaspace       used 7410K, capacity 7554K, committed 7808K, reserved 1056768K
  class space    used 758K, capacity 789K, committed 896K, reserved 1048576K
Event: 5.618 GC heap after
Heap after GC invocations=7 (full 0):
 PSYoungGen      total 69120K, used 96K [0x00000000eab00000, 0x00000000ef200000, 0x0000000100000000)
  eden space 65536K, 0% used [0x00000000eab00000,0x00000000eab00000,0x00000000eeb00000)
  from space 3584K, 2% used [0x00000000eeb00000,0x00000000eeb18000,0x00000000eee80000)
  to   space 3584K, 0% used [0x00000000eee80000,0x00000000eee80000,0x00000000ef200000)
 ParOldGen       total 44032K, used 3444K [0x00000000c0000000, 0x00000000c2b00000, 0x00000000eab00000)
  object space 44032K, 7% used [0x00000000c0000000,0x00000000c035d248,0x00000000c2b00000)
 Metaspace       used 7410K, capacity 7554K, committed 7808K, reserved 1056768K
  class space    used 758K, capacity 789K, committed 896K, reserved 1048576K
}
Event: 5.866 GC heap before
{Heap before GC invocations=8 (full 0):
 PSYoungGen      total 69120K, used 65632K [0x00000000eab00000, 0x00000000ef200000, 0x0000000100000000)
  eden space 65536K, 100% used [0x00000000eab00000,0x00000000eeb00000,0x00000000eeb00000)
  from space 3584K, 2% used [0x00000000eeb00000,0x00000000eeb18000,0x00000000eee80000)
  to   space 3584K, 0% used [0x00000000eee80000,0x00000000eee80000,0x00000000ef200000)
 ParOldGen       total 44032K, used 3444K [0x00000000c0000000, 0x00000000c2b00000, 0x00000000eab00000)
  object space 44032K, 7% used [0x00000000c0000000,0x00000000c035d248,0x00000000c2b00000)
 Metaspace       used 7414K, capacity 7554K, committed 7808K, reserved 1056768K
  class space    used 758K, capacity 789K, committed 896K, reserved 1048576K
Event: 5.867 GC heap after
Heap after GC invocations=8 (full 0):
 PSYoungGen      total 69120K, used 96K [0x00000000eab00000, 0x00000000ef200000, 0x0000000100000000)
  eden space 65536K, 0% used [0x00000000eab00000,0x00000000eab00000,0x00000000eeb00000)
  from space 3584K, 2% used [0x00000000eee80000,0x00000000eee98000,0x00000000ef200000)
  to   space 3584K, 0% used [0x00000000eeb00000,0x00000000eeb00000,0x00000000eee80000)
 ParOldGen       total 44032K, used 3444K [0x00000000c0000000, 0x00000000c2b00000, 0x00000000eab00000)
  object space 44032K, 7% used [0x00000000c0000000,0x00000000c035d248,0x00000000c2b00000)
 Metaspace       used 7414K, capacity 7554K, committed 7808K, reserved 1056768K
  class space    used 758K, capacity 789K, committed 896K, reserved 1048576K
}
Event: 6.082 GC heap before
{Heap before GC invocations=9 (full 0):
 PSYoungGen      total 69120K, used 65632K [0x00000000eab00000, 0x00000000ef200000, 0x0000000100000000)
  eden space 65536K, 100% used [0x00000000eab00000,0x00000000eeb00000,0x00000000eeb00000)
  from space 3584K, 2% used [0x00000000eee80000,0x00000000eee98000,0x00000000ef200000)
  to   space 3584K, 0% used [0x00000000eeb00000,0x00000000eeb00000,0x00000000eee80000)
 ParOldGen       total 44032K, used 3444K [0x00000000c0000000, 0x00000000c2b00000, 0x00000000eab00000)
  object space 44032K, 7% used [0x00000000c0000000,0x00000000c035d248,0x00000000c2b00000)
 Metaspace       used 7414K, capacity 7554K, committed 7808K, reserved 1056768K
  class space    used 758K, capacity 789K, committed 896K, reserved 1048576K
Event: 6.083 GC heap after
Heap after GC invocations=9 (full 0):
 PSYoungGen      total 69120K, used 64K [0x00000000eab00000, 0x00000000f1a80000, 0x0000000100000000)
  eden space 65536K, 0% used [0x00000000eab00000,0x00000000eab00000,0x00000000eeb00000)
  from space 3584K, 1% used [0x00000000eeb00000,0x00000000eeb10000,0x00000000eee80000)
  to   space 4608K, 0% used [0x00000000f1600000,0x00000000f1600000,0x00000000f1a80000)
 ParOldGen       total 44032K, used 3452K [0x00000000c0000000, 0x00000000c2b00000, 0x00000000eab00000)
  object space 44032K, 7% used [0x00000000c0000000,0x00000000c035f248,0x00000000c2b00000)
 Metaspace       used 7414K, capacity 7554K, committed 7808K, reserved 1056768K
  class space    used 758K, capacity 789K, committed 896K, reserved 1048576K
}

