# JRE version: Java(TM) SE Runtime Environment (8.0_51-b16) (build 1.8.0_51-b16)
# Java VM: Java HotSpot(TM) 64-Bit Server VM (25.51-b03 mixed mode windows-amd64 compressed oops)
Heap:
 PSYoungGen      total 109568K, used 50428K [0x00000000eab00000, 0x00000000f1a80000, 0x0000000100000000)
  eden space 104960K, 47% used [0x00000000eab00000,0x00000000edc2f0c8,0x00000000f1180000)
  from space 4608K, 1% used [0x00000000f1600000,0x00000000f1610000,0x00000000f1a80000)
  to   space 4608K, 0% used [0x00000000f1180000,0x00000000f1180000,0x00000000f1600000)
 ParOldGen       total 44032K, used 3399K [0x00000000c0000000, 0x00000000c2b00000, 0x00000000eab00000)
  object space 44032K, 7% used [0x00000000c0000000,0x00000000c0351ee0,0x00000000c2b00000)
 Metaspace       used 7400K, capacity 7522K, committed 7680K, reserved 1056768K
  class space    used 752K, capacity 757K, committed 768K, reserved 1048576K
GC Heap History (10 events):
Event: 10.701 GC heap before
{Heap before GC invocations=6 (full 0):
 PSYoungGen      total 35328K, used 35257K [0x00000000eab00000, 0x00000000ef200000, 0x0000000100000000)
  eden space 32768K, 100% used [0x00000000eab00000,0x00000000ecb00000,0x00000000ecb00000)
  from space 2560K, 97% used [0x00000000ecb00000,0x00000000ecd6e680,0x00000000ecd80000)
  to   space 3584K, 0% used [0x00000000eee80000,0x00000000eee80000,0x00000000ef200000)
 ParOldGen       total 44032K, used 969K [0x00000000c0000000, 0x00000000c2b00000, 0x00000000eab00000)
  object space 44032K, 2% used [0x00000000c0000000,0x00000000c00f24d8,0x00000000c2b00000)
 Metaspace       used 7397K, capacity 7522K, committed 7680K, reserved 1056768K
  class space    used 752K, capacity 757K, committed 768K, reserved 1048576K
Event: 10.704 GC heap after
Heap after GC invocations=6 (full 0):
 PSYoungGen      total 69120K, used 2457K [0x00000000eab00000, 0x00000000ef200000, 0x0000000100000000)
  eden space 65536K, 0% used [0x00000000eab00000,0x00000000eab00000,0x00000000eeb00000)
  from space 3584K, 68% used [0x00000000eee80000,0x00000000ef0e6680,0x00000000ef200000)
  to   space 3584K, 0% used [0x00000000eeb00000,0x00000000eeb00000,0x00000000eee80000)
 ParOldGen       total 44032K, used 969K [0x00000000c0000000, 0x00000000c2b00000, 0x00000000eab00000)
  object space 44032K, 2% used [0x00000000c0000000,0x00000000c00f24d8,0x00000000c2b00000)
 Metaspace       used 7397K, capacity 7522K, committed 7680K, reserved 1056768K
  class space    used 752K, capacity 757K, committed 768K, reserved 1048576K
}
Event: 10.915 GC heap before
{Heap before GC invocations=7 (full 0):
 PSYoungGen      total 69120K, used 67993K [0x00000000eab00000, 0x00000000ef200000, 0x0000000100000000)
  eden space 65536K, 100% used [0x00000000eab00000,0x00000000eeb00000,0x00000000eeb00000)
  from space 3584K, 68% used [0x00000000eee80000,0x00000000ef0e6680,0x00000000ef200000)
  to   space 3584K, 0% used [0x00000000eeb00000,0x00000000eeb00000,0x00000000eee80000)
 ParOldGen       total 44032K, used 969K [0x00000000c0000000, 0x00000000c2b00000, 0x00000000eab00000)
  object space 44032K, 2% used [0x00000000c0000000,0x00000000c00f24d8,0x00000000c2b00000)
 Metaspace       used 7397K, capacity 7522K, committed 7680K, reserved 1056768K
  class space    used 752K, capacity 757K, committed 768K, reserved 1048576K
Event: 10.920 GC heap after
Heap after GC invocations=7 (full 0):
 PSYoungGen      total 69120K, used 64K [0x00000000eab00000, 0x00000000ef200000, 0x0000000100000000)
  eden space 65536K, 0% used [0x00000000eab00000,0x00000000eab00000,0x00000000eeb00000)
  from space 3584K, 1% used [0x00000000eeb00000,0x00000000eeb10000,0x00000000eee80000)
  to   space 3584K, 0% used [0x00000000eee80000,0x00000000eee80000,0x00000000ef200000)
 ParOldGen       total 44032K, used 3391K [0x00000000c0000000, 0x00000000c2b00000, 0x00000000eab00000)
  object space 44032K, 7% used [0x00000000c0000000,0x00000000c034fee0,0x00000000c2b00000)
 Metaspace       used 7397K, capacity 7522K, committed 7680K, reserved 1056768K
  class space    used 752K, capacity 757K, committed 768K, reserved 1048576K
}
Event: 11.163 GC heap before
{Heap before GC invocations=8 (full 0):
 PSYoungGen      total 69120K, used 65600K [0x00000000eab00000, 0x00000000ef200000, 0x0000000100000000)
  eden space 65536K, 100% used [0x00000000eab00000,0x00000000eeb00000,0x00000000eeb00000)
  from space 3584K, 1% used [0x00000000eeb00000,0x00000000eeb10000,0x00000000eee80000)
  to   space 3584K, 0% used [0x00000000eee80000,0x00000000eee80000,0x00000000ef200000)
 ParOldGen       total 44032K, used 3391K [0x00000000c0000000, 0x00000000c2b00000, 0x00000000eab00000)
  object space 44032K, 7% used [0x00000000c0000000,0x00000000c034fee0,0x00000000c2b00000)
 Metaspace       used 7400K, capacity 7522K, committed 7680K, reserved 1056768K
  class space    used 752K, capacity 757K, committed 768K, reserved 1048576K
Event: 11.164 GC heap after
Heap after GC invocations=8 (full 0):
 PSYoungGen      total 69120K, used 96K [0x00000000eab00000, 0x00000000ef200000, 0x0000000100000000)
  eden space 65536K, 0% used [0x00000000eab00000,0x00000000eab00000,0x00000000eeb00000)
  from space 3584K, 2% used [0x00000000eee80000,0x00000000eee98000,0x00000000ef200000)
  to   space 3584K, 0% used [0x00000000eeb00000,0x00000000eeb00000,0x00000000eee80000)
 ParOldGen       total 44032K, used 3391K [0x00000000c0000000, 0x00000000c2b00000, 0x00000000eab00000)
  object space 44032K, 7% used [0x00000000c0000000,0x00000000c034fee0,0x00000000c2b00000)
 Metaspace       used 7400K, capacity 7522K, committed 7680K, reserved 1056768K
  class space    used 752K, capacity 757K, committed 768K, reserved 1048576K
}
Event: 11.395 GC heap before
{Heap before GC invocations=9 (full 0):
 PSYoungGen      total 69120K, used 65632K [0x00000000eab00000, 0x00000000ef200000, 0x0000000100000000)
  eden space 65536K, 100% used [0x00000000eab00000,0x00000000eeb00000,0x00000000eeb00000)
  from space 3584K, 2% used [0x00000000eee80000,0x00000000eee98000,0x00000000ef200000)
  to   space 3584K, 0% used [0x00000000eeb00000,0x00000000eeb00000,0x00000000eee80000)
 ParOldGen       total 44032K, used 3391K [0x00000000c0000000, 0x00000000c2b00000, 0x00000000eab00000)
  object space 44032K, 7% used [0x00000000c0000000,0x00000000c034fee0,0x00000000c2b00000)
 Metaspace       used 7400K, capacity 7522K, committed 7680K, reserved 1056768K
  class space    used 752K, capacity 757K, committed 768K, reserved 1048576K
Event: 11.396 GC heap after
Heap after GC invocations=9 (full 0):
 PSYoungGen      total 69120K, used 64K [0x00000000eab00000, 0x00000000f1a80000, 0x0000000100000000)
  eden space 65536K, 0% used [0x00000000eab00000,0x00000000eab00000,0x00000000eeb00000)
  from space 3584K, 1% used [0x00000000eeb00000,0x00000000eeb10000,0x00000000eee80000)
  to   space 4608K, 0% used [0x00000000f1600000,0x00000000f1600000,0x00000000f1a80000)
 ParOldGen       total 44032K, used 3399K [0x00000000c0000000, 0x00000000c2b00000, 0x00000000eab00000)
  object space 44032K, 7% used [0x00000000c0000000,0x00000000c0351ee0,0x00000000c2b00000)
 Metaspace       used 7400K, capacity 7522K, committed 7680K, reserved 1056768K
  class space    used 752K, capacity 757K, committed 768K, reserved 1048576K
}
Event: 11.640 GC heap before
{Heap before GC invocations=10 (full 0):
 PSYoungGen      total 69120K, used 65600K [0x00000000eab00000, 0x00000000f1a80000, 0x0000000100000000)
  eden space 65536K, 100% used [0x00000000eab00000,0x00000000eeb00000,0x00000000eeb00000)
  from space 3584K, 1% used [0x00000000eeb00000,0x00000000eeb10000,0x00000000eee80000)
  to   space 4608K, 0% used [0x00000000f1600000,0x00000000f1600000,0x00000000f1a80000)
 ParOldGen       total 44032K, used 3399K [0x00000000c0000000, 0x00000000c2b00000, 0x00000000eab00000)
  object space 44032K, 7% used [0x00000000c0000000,0x00000000c0351ee0,0x00000000c2b00000)
 Metaspace       used 7400K, capacity 7522K, committed 7680K, reserved 1056768K
  class space    used 752K, capacity 757K, committed 768K, reserved 1048576K
Event: 11.641 GC heap after
Heap after GC invocations=10 (full 0):
 PSYoungGen      total 109568K, used 64K [0x00000000eab00000, 0x00000000f1a80000, 0x0000000100000000)
  eden space 104960K, 0% used [0x00000000eab00000,0x00000000eab00000,0x00000000f1180000)
  from space 4608K, 1% used [0x00000000f1600000,0x00000000f1610000,0x00000000f1a80000)
  to   space 4608K, 0% used [0x00000000f1180000,0x00000000f1180000,0x00000000f1600000)
 ParOldGen       total 44032K, used 3399K [0x00000000c0000000, 0x00000000c2b00000, 0x00000000eab00000)
  object space 44032K, 7% used [0x00000000c0000000,0x00000000c0351ee0,0x00000000c2b00000)
 Metaspace       used 7400K, capacity 7522K, committed 7680K, reserved 1056768K
  class space    used 752K, capacity 757K, committed 768K, reserved 1048576K
}

